<?xml version="1.0" encoding="UTF-8"?>
<!-- Generated by org.testng.reporters.JUnitReportReporter -->
<testsuite hostname="DESKTOP-50POJSR" failures="0" tests="1" name="practiceresponseValidation.Verifydata_ComplexJsonxpath" time="1.552" errors="1" timestamp="2024-11-18T18:04:52 IST" skipped="0">
  <testcase classname="practiceresponseValidation.Verifydata_ComplexJsonxpath" name="SampleTest" time="1.552">
    <error message="Could not find matching close quote for &#039; when parsing : $..content[*].[?(@.projectName==&#039;ABB_461)].projectId" type="com.jayway.jsonpath.InvalidPathException">
      <![CDATA[com.jayway.jsonpath.InvalidPathException: Could not find matching close quote for ' when parsing : $..content[*].[?(@.projectName=='ABB_461)].projectId
at com.jayway.jsonpath.internal.CharacterIndex.indexOfMatchingCloseChar(CharacterIndex.java:103)
at com.jayway.jsonpath.internal.CharacterIndex.indexOfClosingBracket(CharacterIndex.java:132)
at com.jayway.jsonpath.internal.path.PathCompiler.readFilterToken(PathCompiler.java:466)
at com.jayway.jsonpath.internal.path.PathCompiler.readNextToken(PathCompiler.java:138)
at com.jayway.jsonpath.internal.path.PathCompiler.readDotToken(PathCompiler.java:175)
at com.jayway.jsonpath.internal.path.PathCompiler.readNextToken(PathCompiler.java:143)
at com.jayway.jsonpath.internal.path.PathCompiler.readWildCardToken(PathCompiler.java:515)
at com.jayway.jsonpath.internal.path.PathCompiler.readNextToken(PathCompiler.java:137)
at com.jayway.jsonpath.internal.path.PathCompiler.readPropertyOrFunctionToken(PathCompiler.java:256)
at com.jayway.jsonpath.internal.path.PathCompiler.readNextToken(PathCompiler.java:153)
at com.jayway.jsonpath.internal.path.PathCompiler.readDotToken(PathCompiler.java:175)
at com.jayway.jsonpath.internal.path.PathCompiler.readNextToken(PathCompiler.java:143)
at com.jayway.jsonpath.internal.path.PathCompiler.readContextToken(PathCompiler.java:123)
at com.jayway.jsonpath.internal.path.PathCompiler.compile(PathCompiler.java:58)
at com.jayway.jsonpath.internal.path.PathCompiler.compile(PathCompiler.java:75)
at com.jayway.jsonpath.JsonPath.<init>(JsonPath.java:97)
at com.jayway.jsonpath.JsonPath.compile(JsonPath.java:515)
at com.jayway.jsonpath.internal.JsonContext.pathFromCache(JsonContext.java:222)
at com.jayway.jsonpath.internal.JsonContext.read(JsonContext.java:77)
at com.jayway.jsonpath.JsonPath.read(JsonPath.java:550)
at practiceresponseValidation.Verifydata_ComplexJsonxpath.SampleTest(Verifydata_ComplexJsonxpath.java:29)
at java.base/jdk.internal.reflect.NativeMethodAccessorImpl.invoke0(Native Method)
at java.base/jdk.internal.reflect.NativeMethodAccessorImpl.invoke(NativeMethodAccessorImpl.java:77)
at java.base/jdk.internal.reflect.DelegatingMethodAccessorImpl.invoke(DelegatingMethodAccessorImpl.java:43)
at java.base/java.lang.reflect.Method.invoke(Method.java:568)
at org.testng.internal.invokers.MethodInvocationHelper.invokeMethod(MethodInvocationHelper.java:139)
at org.testng.internal.invokers.TestInvoker.invokeMethod(TestInvoker.java:664)
at org.testng.internal.invokers.TestInvoker.invokeTestMethod(TestInvoker.java:227)
at org.testng.internal.invokers.MethodRunner.runInSequence(MethodRunner.java:50)
at org.testng.internal.invokers.TestInvoker$MethodInvocationAgent.invoke(TestInvoker.java:957)
at org.testng.internal.invokers.TestInvoker.invokeTestMethods(TestInvoker.java:200)
at org.testng.internal.invokers.TestMethodWorker.invokeTestMethods(TestMethodWorker.java:148)
at org.testng.internal.invokers.TestMethodWorker.run(TestMethodWorker.java:128)
at java.base/java.util.ArrayList.forEach(ArrayList.java:1511)
at org.testng.TestRunner.privateRun(TestRunner.java:848)
at org.testng.TestRunner.run(TestRunner.java:621)
at org.testng.SuiteRunner.runTest(SuiteRunner.java:443)
at org.testng.SuiteRunner.runSequentially(SuiteRunner.java:437)
at org.testng.SuiteRunner.privateRun(SuiteRunner.java:397)
at org.testng.SuiteRunner.run(SuiteRunner.java:336)
at org.testng.SuiteRunnerWorker.runSuite(SuiteRunnerWorker.java:52)
at org.testng.SuiteRunnerWorker.run(SuiteRunnerWorker.java:95)
at org.testng.TestNG.runSuitesSequentially(TestNG.java:1280)
at org.testng.TestNG.runSuitesLocally(TestNG.java:1200)
at org.testng.TestNG.runSuites(TestNG.java:1114)
at org.testng.TestNG.run(TestNG.java:1082)
at org.testng.remote.AbstractRemoteTestNG.run(AbstractRemoteTestNG.java:115)
at org.testng.remote.RemoteTestNG.initAndRun(RemoteTestNG.java:251)
at org.testng.remote.RemoteTestNG.main(RemoteTestNG.java:77)
]]>
    </error>
  </testcase> <!-- SampleTest -->
</testsuite> <!-- practiceresponseValidation.Verifydata_ComplexJsonxpath -->
