<?xml version="1.0" encoding="UTF-8"?>
<!-- Generated by org.testng.reporters.JUnitXMLReporter -->
<testsuite ignored="4" hostname="DESKTOP-50POJSR" failures="0" tests="2" name="Test" time="0.083" errors="0" timestamp="13 Sep 2024 17:01:05 GMT">
  <testcase classname="com.crm.generic.baseutility.BaseClass" name="@BeforeClass configBc" time="0.0">
    <failure type="org.testng.TestNGException" message="
Parameter &amp;apos;BROWSER&amp;apos; is required by BeforeClass on method configBc but has not been marked @Optional or defined
in C:\Users\DELL\eclipse-workspace\Automation\crm\Suite_regionalregression.xml">
      <![CDATA[org.testng.TestNGException: 
Parameter 'BROWSER' is required by BeforeClass on method configBc but has not been marked @Optional or defined
in C:\Users\DELL\eclipse-workspace\Automation\crm\Suite_regionalregression.xml
... Removed 23 stack frames]]>
    </failure>
  </testcase> <!-- @BeforeClass configBc -->
  <testcase classname="com.crm.generic.baseutility.BaseClass" name="@BeforeMethod configBm" time="0.0">
    <skipped/>
  </testcase> <!-- @BeforeMethod configBm -->
  <testcase classname="com.crm.generic.baseutility.BaseClass" name="@AfterMethod configAm" time="0.0">
    <skipped/>
  </testcase> <!-- @AfterMethod configAm -->
  <testcase classname="com.crm.generic.baseutility.BaseClass" name="@AfterClass configAc" time="0.0">
    <skipped/>
  </testcase> <!-- @AfterClass configAc -->
  <testcase classname="com.crm.generic.baseutility.BaseClass" name="@BeforeClass configBc" time="0.0">
    <failure type="org.testng.TestNGException" message="
Parameter &amp;apos;BROWSER&amp;apos; is required by BeforeClass on method configBc but has not been marked @Optional or defined
in C:\Users\DELL\eclipse-workspace\Automation\crm\Suite_regionalregression.xml">
      <![CDATA[org.testng.TestNGException: 
Parameter 'BROWSER' is required by BeforeClass on method configBc but has not been marked @Optional or defined
in C:\Users\DELL\eclipse-workspace\Automation\crm\Suite_regionalregression.xml
... Removed 23 stack frames]]>
    </failure>
  </testcase> <!-- @BeforeClass configBc -->
  <testcase classname="com.crm.generic.baseutility.BaseClass" name="@BeforeMethod configBm" time="0.0">
    <skipped/>
  </testcase> <!-- @BeforeMethod configBm -->
  <testcase classname="com.crm.generic.baseutility.BaseClass" name="@AfterMethod configAm" time="0.0">
    <skipped/>
  </testcase> <!-- @AfterMethod configAm -->
  <testcase classname="com.crm.generic.baseutility.BaseClass" name="@AfterClass configAc" time="0.0">
    <skipped/>
  </testcase> <!-- @AfterClass configAc -->
  <testcase classname="com.crm.comcast.contactTest.CreateContactTest" name="createContact" time="0.0">
    <skipped/>
  </testcase> <!-- createContact -->
  <testcase classname="com.crm.comcast.orgtest.CreateOrgTest" name="createOrgTest" time="0.0">
    <skipped/>
  </testcase> <!-- createOrgTest -->
  <testcase classname="com.crm.comcast.contactTest.CreateContactTest" name="createContactWithSupportDate" time="0.0">
    <ignored/>
  </testcase> <!-- createContactWithSupportDate -->
  <testcase classname="com.crm.comcast.orgtest.CreateOrgTest" name="createContactWithDate" time="0.0">
    <ignored/>
  </testcase> <!-- createContactWithDate -->
  <testcase classname="com.crm.generic.baseutility.BaseClass" name="@AfterSuite configAs" time="0.0">
    <ignored/>
  </testcase> <!-- @AfterSuite configAs -->
  <testcase classname="com.crm.generic.baseutility.BaseClass" name="@BeforeSuite configBs" time="0.0">
    <ignored/>
  </testcase> <!-- @BeforeSuite configBs -->
</testsuite> <!-- Test -->
