<?xml version="1.0" encoding="UTF-8"?>
<testng-results ignored="0" total="2" passed="1" failed="1" skipped="0">
  <reporter-output>
    <line>
      <![CDATA[SampleTesttest start]]>
    </line>
    <line>
      <![CDATA[Step-1]]>
    </line>
    <line>
      <![CDATA[Step-2]]>
    </line>
    <line>
      <![CDATA[Step-3]]>
    </line>
    <line>
      <![CDATA[Step-4]]>
    </line>
    <line>
      <![CDATA[Step-5]]>
    </line>
    <line>
      <![CDATA[sampleTestteststart]]>
    </line>
    <line>
      <![CDATA[step-1]]>
    </line>
    <line>
      <![CDATA[step-2]]>
    </line>
    <line>
      <![CDATA[step-3]]>
    </line>
    <line>
      <![CDATA[step-4]]>
    </line>
    <line>
      <![CDATA[sampleTesttestend]]>
    </line>
  </reporter-output>
  <suite started-at="2024-08-12T10:43:02Z" name="Default suite" finished-at="2024-08-12T10:43:02Z" duration-ms="37">
    <groups>
    </groups>
    <test started-at="2024-08-12T10:43:02Z" name="Default test" finished-at="2024-08-12T10:43:02Z" duration-ms="37">
      <class name="Testngpackage.Homeverification">
        <test-method signature="SampleTest(java.lang.reflect.Method)[pri:0, instance:Testngpackage.Homeverification@c7ba306]" started-at="2024-08-12T10:43:02Z" name="SampleTest" finished-at="2024-08-12T10:43:02Z" duration-ms="15" status="FAIL">
          <params>
            <param index="0">
              <value>
                <![CDATA[public void Testngpackage.Homeverification.SampleTest(java.lang.reflect.Method)]]>
              </value>
            </param>
          </params>
          <exception class="java.lang.AssertionError">
            <message>
              <![CDATA[The following asserts failed:
expected [title-1] but found [title]]]>
            </message>
            <full-stacktrace>
              <![CDATA[java.lang.AssertionError: The following asserts failed:
expected [title-1] but found [title]
at org.testng.asserts.SoftAssert.assertAll(SoftAssert.java:43)
at Testngpackage.Homeverification.SampleTest(Homeverification.java:29)
at java.base/jdk.internal.reflect.NativeMethodAccessorImpl.invoke0(Native Method)
at java.base/jdk.internal.reflect.NativeMethodAccessorImpl.invoke(NativeMethodAccessorImpl.java:77)
at java.base/jdk.internal.reflect.DelegatingMethodAccessorImpl.invoke(DelegatingMethodAccessorImpl.java:43)
at java.base/java.lang.reflect.Method.invoke(Method.java:568)
at org.testng.internal.MethodInvocationHelper.invokeMethod(MethodInvocationHelper.java:124)
at org.testng.internal.Invoker.invokeMethod(Invoker.java:583)
at org.testng.internal.Invoker.invokeTestMethod(Invoker.java:719)
at org.testng.internal.Invoker.invokeTestMethods(Invoker.java:989)
at org.testng.internal.TestMethodWorker.invokeTestMethods(TestMethodWorker.java:125)
at org.testng.internal.TestMethodWorker.run(TestMethodWorker.java:109)
at org.testng.TestRunner.privateRun(TestRunner.java:648)
at org.testng.TestRunner.run(TestRunner.java:505)
at org.testng.SuiteRunner.runTest(SuiteRunner.java:455)
at org.testng.SuiteRunner.runSequentially(SuiteRunner.java:450)
at org.testng.SuiteRunner.privateRun(SuiteRunner.java:415)
at org.testng.SuiteRunner.run(SuiteRunner.java:364)
at org.testng.SuiteRunnerWorker.runSuite(SuiteRunnerWorker.java:52)
at org.testng.SuiteRunnerWorker.run(SuiteRunnerWorker.java:84)
at org.testng.TestNG.runSuitesSequentially(TestNG.java:1208)
at org.testng.TestNG.runSuitesLocally(TestNG.java:1137)
at org.testng.TestNG.runSuites(TestNG.java:1049)
at org.testng.TestNG.run(TestNG.java:1017)
at org.testng.remote.AbstractRemoteTestNG.run(AbstractRemoteTestNG.java:115)
at org.testng.remote.RemoteTestNG.initAndRun(RemoteTestNG.java:251)
at org.testng.remote.RemoteTestNG.main(RemoteTestNG.java:77)
]]>
            </full-stacktrace>
          </exception> <!-- java.lang.AssertionError -->
          <reporter-output>
            <line>
              <![CDATA[SampleTesttest start]]>
            </line>
            <line>
              <![CDATA[Step-1]]>
            </line>
            <line>
              <![CDATA[Step-2]]>
            </line>
            <line>
              <![CDATA[Step-3]]>
            </line>
            <line>
              <![CDATA[Step-4]]>
            </line>
            <line>
              <![CDATA[Step-5]]>
            </line>
          </reporter-output>
        </test-method> <!-- SampleTest -->
        <test-method signature="sampleTest(java.lang.reflect.Method)[pri:0, instance:Testngpackage.Homeverification@c7ba306]" started-at="2024-08-12T10:43:02Z" name="sampleTest" finished-at="2024-08-12T10:43:02Z" duration-ms="2" status="PASS">
          <params>
            <param index="0">
              <value>
                <![CDATA[public void Testngpackage.Homeverification.sampleTest(java.lang.reflect.Method)]]>
              </value>
            </param>
          </params>
          <reporter-output>
            <line>
              <![CDATA[sampleTestteststart]]>
            </line>
            <line>
              <![CDATA[step-1]]>
            </line>
            <line>
              <![CDATA[step-2]]>
            </line>
            <line>
              <![CDATA[step-3]]>
            </line>
            <line>
              <![CDATA[step-4]]>
            </line>
            <line>
              <![CDATA[sampleTesttestend]]>
            </line>
          </reporter-output>
        </test-method> <!-- sampleTest -->
      </class> <!-- Testngpackage.Homeverification -->
    </test> <!-- Default test -->
  </suite> <!-- Default suite -->
</testng-results>
